<?xml version="1.0" encoding="UTF-8"?>
<!-- Generated by org.testng.reporters.JUnitReportReporter -->
<testsuite hostname="DESKTOP-JMKOJCR" failures="0" tests="1" name="TiffintomTest.src.tiffintomPrograms.LoginScenarios" time="17.120" errors="0" timestamp="2023-08-31T16:37:13 IST" skipped="0">
  <testcase classname="TiffintomTest.src.tiffintomPrograms.LoginScenarios" name="testLoginTiffintom" time="17.120"/>
</testsuite> <!-- TiffintomTest.src.tiffintomPrograms.LoginScenarios -->
