<?xml version="1.0" encoding="UTF-8"?>
<!-- Generated by org.testng.reporters.JUnitReportReporter -->
<testsuite hostname="DESKTOP-JMKOJCR" failures="0" tests="1" name="TiffintomTest.src.tiffintomPrograms.SignupTiffintom" time="116.101" errors="0" timestamp="2023-08-31T17:56:31 IST" skipped="0">
  <testcase classname="TiffintomTest.src.tiffintomPrograms.SignupTiffintom" name="testSignupTiffintom" time="116.101"/>
</testsuite> <!-- TiffintomTest.src.tiffintomPrograms.SignupTiffintom -->
