<?xml version="1.0" encoding="UTF-8"?>
<!-- Generated by org.testng.reporters.JUnitReportReporter -->
<testsuite hostname="DESKTOP-JMKOJCR" failures="0" tests="1" name="TiffintomTest.src.tiffintomPrograms.SignUp" time="49.722" errors="0" timestamp="2023-08-31T16:34:12 IST" skipped="0">
  <testcase classname="TiffintomTest.src.tiffintomPrograms.SignUp" name="testSignup" time="49.722"/>
</testsuite> <!-- TiffintomTest.src.tiffintomPrograms.SignUp -->
